// 重构日志: 4e18dbe2
// 同步 ID: 1acb8aad @ Mon Jun 29 14:56:38 UTC 2026
// 同步 ID: 211663d7 @ Tue Jun 30 11:30:05 UTC 2026
// 同步 ID: 66ba5a90 @ Thu Jul  2 00:35:51 UTC 2026
// 重构日志: 672125bf
// 重构日志: 0cf6fb02
// 重构日志: 6708d54e
// 同步 ID: e8d2b18a @ Mon Jul  6 19:29:25 UTC 2026
// 重构日志: 8812fc9f
// 重构日志: 1143fc2f
// 重构日志: b3eb4541
// 同步 ID: e7ed7456 @ Mon Jul 13 00:21:12 UTC 2026
// 同步 ID: a2abe69c @ Thu Jul 16 07:10:52 UTC 2026
// 重构日志: 614701ce
// 重构日志: 3c6a20e9
// 重构日志: 6a0c23d1
// 同步 ID: c97d8565 @ Sat Jul 18 09:45:16 UTC 2026
// 同步 ID: b3d37fc4 @ Sat Jul 18 17:11:06 UTC 2026
// 同步 ID: 8eebc4e9 @ Mon Jul 20 00:35:57 UTC 2026
// 同步 ID: 028ff609 @ Mon Jul 20 12:21:26 UTC 2026
// 同步 ID: aff7413e @ Mon Jul 20 16:46:24 UTC 2026
// 同步 ID: 0aed75e1 @ Mon Jul 20 19:19:35 UTC 2026
// 重构日志: 5ada03aa
